This file contains any messages produced by compilers while
running configure, to aid debugging if configure makes a mistake.

It was created by netpgp configure 20140220, which was
generated by GNU Autoconf 2.69.  Invocation command line was

  $ ./configure 

## --------- ##
## Platform. ##
## --------- ##

hostname = pop-os
uname -m = x86_64
uname -r = 6.6.6-76060606-generic
uname -s = Linux
uname -v = #202312111032~1702306143~22.04~d28ffec SMP PREEMPT_DYNAMIC Mon D

/usr/bin/uname -p = x86_64
/bin/uname -X     = unknown

/bin/arch              = x86_64
/usr/bin/arch -k       = unknown
/usr/convex/getsysinfo = unknown
/usr/bin/hostinfo      = unknown
/bin/machine           = unknown
/usr/bin/oslevel       = unknown
/bin/universe          = unknown

PATH: /usr/local/sbin
PATH: /usr/local/bin
PATH: /usr/sbin
PATH: /usr/bin
PATH: /sbin
PATH: /bin
PATH: /usr/games
PATH: /usr/local/games
PATH: /snap/bin


## ----------- ##
## Core tests. ##
## ----------- ##

configure:2629: checking for a BSD-compatible install
configure:2697: result: /usr/bin/install -c
configure:2708: checking whether build environment is sane
configure:2745: result: yes
configure:2770: checking for a thread-safe mkdir -p
configure:2809: result: /usr/bin/mkdir -p
configure:2822: checking for gawk
configure:2852: result: no
configure:2822: checking for mawk
configure:2838: found /usr/bin/mawk
configure:2849: result: mawk
configure:2860: checking whether make sets $(MAKE)
configure:2882: result: yes
configure:3064: checking whether to enable maintainer-specific portions of Makefiles
configure:3073: result: no
configure:3091: checking build system type
configure:3105: result: x86_64-unknown-linux-gnu
configure:3125: checking host system type
configure:3138: result: x86_64-unknown-linux-gnu
configure:3163: checking whether make sets $(MAKE)
configure:3185: result: yes
configure:3198: checking for gawk
configure:3225: result: mawk
configure:3284: checking for gcc
configure:3300: found /usr/bin/gcc
configure:3311: result: gcc
configure:3540: checking for C compiler version
configure:3549: gcc --version >&5
gcc (Ubuntu 11.4.0-1ubuntu1~22.04) 11.4.0
Copyright (C) 2021 Free Software Foundation, Inc.
This is free software; see the source for copying conditions.  There is NO
warranty; not even for MERCHANTABILITY or FITNESS FOR A PARTICULAR PURPOSE.

configure:3560: $? = 0
configure:3549: gcc -v >&5
Using built-in specs.
COLLECT_GCC=gcc
COLLECT_LTO_WRAPPER=/usr/lib/gcc/x86_64-linux-gnu/11/lto-wrapper
OFFLOAD_TARGET_NAMES=nvptx-none:amdgcn-amdhsa
OFFLOAD_TARGET_DEFAULT=1
Target: x86_64-linux-gnu
Configured with: ../src/configure -v --with-pkgversion='Ubuntu 11.4.0-1ubuntu1~22.04' --with-bugurl=file:///usr/share/doc/gcc-11/README.Bugs --enable-languages=c,ada,c++,go,brig,d,fortran,objc,obj-c++,m2 --prefix=/usr --with-gcc-major-version-only --program-suffix=-11 --program-prefix=x86_64-linux-gnu- --enable-shared --enable-linker-build-id --libexecdir=/usr/lib --without-included-gettext --enable-threads=posix --libdir=/usr/lib --enable-nls --enable-bootstrap --enable-clocale=gnu --enable-libstdcxx-debug --enable-libstdcxx-time=yes --with-default-libstdcxx-abi=new --enable-gnu-unique-object --disable-vtable-verify --enable-plugin --enable-default-pie --with-system-zlib --enable-libphobos-checking=release --with-target-system-zlib=auto --enable-objc-gc=auto --enable-multiarch --disable-werror --enable-cet --with-arch-32=i686 --with-abi=m64 --with-multilib-list=m32,m64,mx32 --enable-multilib --with-tune=generic --enable-offload-targets=nvptx-none=/build/gcc-11-XeT9lY/gcc-11-11.4.0/debian/tmp-nvptx/usr,amdgcn-amdhsa=/build/gcc-11-XeT9lY/gcc-11-11.4.0/debian/tmp-gcn/usr --without-cuda-driver --enable-checking=release --build=x86_64-linux-gnu --host=x86_64-linux-gnu --target=x86_64-linux-gnu --with-build-config=bootstrap-lto-lean --enable-link-serialization=2
Thread model: posix
Supported LTO compression algorithms: zlib zstd
gcc version 11.4.0 (Ubuntu 11.4.0-1ubuntu1~22.04) 
... rest of stderr output deleted ...
configure:3560: $? = 0
configure:3549: gcc -V >&5
gcc: error: unrecognized command-line option '-V'
gcc: fatal error: no input files
compilation terminated.
configure:3560: $? = 1
configure:3549: gcc -qversion >&5
gcc: error: unrecognized command-line option '-qversion'; did you mean '--version'?
gcc: fatal error: no input files
compilation terminated.
configure:3560: $? = 1
configure:3580: checking whether the C compiler works
configure:3602: gcc    conftest.c  >&5
configure:3606: $? = 0
configure:3654: result: yes
configure:3657: checking for C compiler default output file name
configure:3659: result: a.out
configure:3665: checking for suffix of executables
configure:3672: gcc -o conftest    conftest.c  >&5
configure:3676: $? = 0
configure:3698: result: 
configure:3720: checking whether we are cross compiling
configure:3728: gcc -o conftest    conftest.c  >&5
configure:3732: $? = 0
configure:3739: ./conftest
configure:3743: $? = 0
configure:3758: result: no
configure:3763: checking for suffix of object files
configure:3785: gcc -c   conftest.c >&5
configure:3789: $? = 0
configure:3810: result: o
configure:3814: checking whether we are using the GNU C compiler
configure:3833: gcc -c   conftest.c >&5
configure:3833: $? = 0
configure:3842: result: yes
configure:3851: checking whether gcc accepts -g
configure:3871: gcc -c -g  conftest.c >&5
configure:3871: $? = 0
configure:3912: result: yes
configure:3929: checking for gcc option to accept ISO C89
configure:3992: gcc  -c -g -O2  conftest.c >&5
configure:3992: $? = 0
configure:4005: result: none needed
configure:4036: checking for style of include used by make
configure:4064: result: GNU
configure:4089: checking dependency style of gcc
configure:4180: result: gcc3
configure:4221: checking for a sed that does not truncate output
configure:4285: result: /usr/bin/sed
configure:4303: checking for grep that handles long lines and -e
configure:4361: result: /usr/bin/grep
configure:4366: checking for egrep
configure:4428: result: /usr/bin/grep -E
configure:4433: checking for fgrep
configure:4495: result: /usr/bin/grep -F
configure:4530: checking for ld used by gcc
configure:4597: result: /usr/bin/ld
configure:4604: checking if the linker (/usr/bin/ld) is GNU ld
configure:4619: result: yes
configure:4631: checking for BSD- or MS-compatible name lister (nm)
configure:4680: result: /usr/bin/nm -B
configure:4798: checking the name lister (/usr/bin/nm -B) interface
configure:4805: gcc -c -g -O2  conftest.c >&5
configure:4808: /usr/bin/nm -B "conftest.o"
configure:4811: output
0000000000000000 B some_variable
configure:4818: result: BSD nm
configure:4821: checking whether ln -s works
configure:4825: result: yes
configure:4833: checking the maximum length of command line arguments
configure:4953: result: 1572864
configure:4970: checking whether the shell understands some XSI constructs
configure:4980: result: yes
configure:4984: checking whether the shell understands "+="
configure:4990: result: yes
configure:5025: checking for /usr/bin/ld option to reload object files
configure:5032: result: -r
configure:5101: checking for objdump
configure:5117: found /usr/bin/objdump
configure:5128: result: objdump
configure:5160: checking how to recognize dependent libraries
configure:5356: result: pass_all
configure:5416: checking for ar
configure:5432: found /usr/bin/ar
configure:5443: result: ar
configure:5521: checking for strip
configure:5537: found /usr/bin/strip
configure:5548: result: strip
configure:5620: checking for ranlib
configure:5636: found /usr/bin/ranlib
configure:5647: result: ranlib
configure:5737: checking command to parse /usr/bin/nm -B output from gcc object
configure:5855: gcc -c -g -O2  conftest.c >&5
configure:5858: $? = 0
configure:5862: /usr/bin/nm -B conftest.o \| sed -n -e 's/^.*[	 ]\([ABCDGIRSTW][ABCDGIRSTW]*\)[	 ][	 ]*\([_A-Za-z][_A-Za-z0-9]*\)$/\1 \2 \2/p' \> conftest.nm
configure:5865: $? = 0
configure:5919: gcc -o conftest -g -O2   conftest.c conftstm.o >&5
configure:5922: $? = 0
configure:5960: result: ok
configure:6056: gcc -c -g -O2  conftest.c >&5
configure:6059: $? = 0
configure:6769: checking how to run the C preprocessor
configure:6800: gcc -E  conftest.c
configure:6800: $? = 0
configure:6814: gcc -E  conftest.c
conftest.c:11:10: fatal error: ac_nonexistent.h: No such file or directory
   11 | #include <ac_nonexistent.h>
      |          ^~~~~~~~~~~~~~~~~~
compilation terminated.
configure:6814: $? = 1
configure: failed program was:
| /* confdefs.h */
| #define PACKAGE_NAME "netpgp"
| #define PACKAGE_TARNAME "netpgp"
| #define PACKAGE_VERSION "20140220"
| #define PACKAGE_STRING "netpgp 20140220"
| #define PACKAGE_BUGREPORT "Alistair Crooks <agc@netbsd.org> c0596823"
| #define PACKAGE_URL ""
| #define PACKAGE "netpgp"
| #define VERSION "20140220"
| /* end confdefs.h.  */
| #include <ac_nonexistent.h>
configure:6839: result: gcc -E
configure:6859: gcc -E  conftest.c
configure:6859: $? = 0
configure:6873: gcc -E  conftest.c
conftest.c:11:10: fatal error: ac_nonexistent.h: No such file or directory
   11 | #include <ac_nonexistent.h>
      |          ^~~~~~~~~~~~~~~~~~
compilation terminated.
configure:6873: $? = 1
configure: failed program was:
| /* confdefs.h */
| #define PACKAGE_NAME "netpgp"
| #define PACKAGE_TARNAME "netpgp"
| #define PACKAGE_VERSION "20140220"
| #define PACKAGE_STRING "netpgp 20140220"
| #define PACKAGE_BUGREPORT "Alistair Crooks <agc@netbsd.org> c0596823"
| #define PACKAGE_URL ""
| #define PACKAGE "netpgp"
| #define VERSION "20140220"
| /* end confdefs.h.  */
| #include <ac_nonexistent.h>
configure:6902: checking for ANSI C header files
configure:6922: gcc -c -g -O2  conftest.c >&5
configure:6922: $? = 0
configure:6995: gcc -o conftest -g -O2   conftest.c  >&5
configure:6995: $? = 0
configure:6995: ./conftest
configure:6995: $? = 0
configure:7006: result: yes
configure:7019: checking for sys/types.h
configure:7019: gcc -c -g -O2  conftest.c >&5
configure:7019: $? = 0
configure:7019: result: yes
configure:7019: checking for sys/stat.h
configure:7019: gcc -c -g -O2  conftest.c >&5
configure:7019: $? = 0
configure:7019: result: yes
configure:7019: checking for stdlib.h
configure:7019: gcc -c -g -O2  conftest.c >&5
configure:7019: $? = 0
configure:7019: result: yes
configure:7019: checking for string.h
configure:7019: gcc -c -g -O2  conftest.c >&5
configure:7019: $? = 0
configure:7019: result: yes
configure:7019: checking for memory.h
configure:7019: gcc -c -g -O2  conftest.c >&5
configure:7019: $? = 0
configure:7019: result: yes
configure:7019: checking for strings.h
configure:7019: gcc -c -g -O2  conftest.c >&5
configure:7019: $? = 0
configure:7019: result: yes
configure:7019: checking for inttypes.h
configure:7019: gcc -c -g -O2  conftest.c >&5
configure:7019: $? = 0
configure:7019: result: yes
configure:7019: checking for stdint.h
configure:7019: gcc -c -g -O2  conftest.c >&5
configure:7019: $? = 0
configure:7019: result: yes
configure:7019: checking for unistd.h
configure:7019: gcc -c -g -O2  conftest.c >&5
configure:7019: $? = 0
configure:7019: result: yes
configure:7033: checking for dlfcn.h
configure:7033: gcc -c -g -O2  conftest.c >&5
configure:7033: $? = 0
configure:7033: result: yes
configure:7217: checking for objdir
configure:7232: result: .libs
configure:7524: checking if gcc supports -fno-rtti -fno-exceptions
configure:7542: gcc -c -g -O2  -fno-rtti -fno-exceptions conftest.c >&5
cc1: warning: command-line option '-fno-rtti' is valid for C++/D/ObjC++ but not for C
configure:7546: $? = 0
configure:7559: result: no
configure:7579: checking for gcc option to produce PIC
configure:7851: result: -fPIC -DPIC
configure:7863: checking if gcc PIC flag -fPIC -DPIC works
configure:7881: gcc -c -g -O2  -fPIC -DPIC -DPIC conftest.c >&5
configure:7885: $? = 0
configure:7898: result: yes
configure:7922: checking if gcc static flag -static works
configure:7950: result: yes
configure:7965: checking if gcc supports -c -o file.o
configure:7986: gcc -c -g -O2  -o out/conftest2.o conftest.c >&5
configure:7990: $? = 0
configure:8012: result: yes
configure:8020: checking if gcc supports -c -o file.o
configure:8067: result: yes
configure:8100: checking whether the gcc linker (/usr/bin/ld -m elf_x86_64) supports shared libraries
configure:9086: result: yes
configure:9123: checking whether -lc should be explicitly linked in
configure:9128: gcc -c -g -O2  conftest.c >&5
configure:9131: $? = 0
configure:9146: gcc -shared conftest.o  -v -Wl,-soname -Wl,conftest -o conftest 2\>\&1 \| /usr/bin/grep  -lc  \>/dev/null 2\>\&1
configure:9149: $? = 0
configure:9161: result: no
configure:9325: checking dynamic linker characteristics
configure:9758: gcc -o conftest -g -O2   -Wl,-rpath -Wl,/foo conftest.c  >&5
configure:9758: $? = 0
configure:9976: result: GNU/Linux ld.so
configure:10078: checking how to hardcode library paths into programs
configure:10103: result: immediate
configure:10623: checking whether stripping libraries is possible
configure:10628: result: yes
configure:10663: checking if libtool supports shared libraries
configure:10665: result: yes
configure:10668: checking whether to build shared libraries
configure:10689: result: yes
configure:10692: checking whether to build static libraries
configure:10696: result: yes
configure:10731: checking whether ln -s works
configure:10735: result: yes
configure:10791: checking for ar
configure:10818: result: ar
configure:10843: checking if using gcc
configure:10847: result: yes; adding to CFLAGS: "-Werror -Wall -Wpointer-arith"
configure:10857: checking for library containing dlopen
configure:10888: gcc -o conftest -g -O2   conftest.c  >&5
configure:10888: $? = 0
configure:10905: result: none required
configure:10916: checking for ANSI C header files
configure:11020: result: yes
configure:11030: checking CommonCrypto/CommonDigest.h usability
configure:11030: gcc -c -g -O2  conftest.c >&5
conftest.c:57:10: fatal error: CommonCrypto/CommonDigest.h: No such file or directory
   57 | #include <CommonCrypto/CommonDigest.h>
      |          ^~~~~~~~~~~~~~~~~~~~~~~~~~~~~
compilation terminated.
configure:11030: $? = 1
configure: failed program was:
| /* confdefs.h */
| #define PACKAGE_NAME "netpgp"
| #define PACKAGE_TARNAME "netpgp"
| #define PACKAGE_VERSION "20140220"
| #define PACKAGE_STRING "netpgp 20140220"
| #define PACKAGE_BUGREPORT "Alistair Crooks <agc@netbsd.org> c0596823"
| #define PACKAGE_URL ""
| #define PACKAGE "netpgp"
| #define VERSION "20140220"
| #define STDC_HEADERS 1
| #define HAVE_SYS_TYPES_H 1
| #define HAVE_SYS_STAT_H 1
| #define HAVE_STDLIB_H 1
| #define HAVE_STRING_H 1
| #define HAVE_MEMORY_H 1
| #define HAVE_STRINGS_H 1
| #define HAVE_INTTYPES_H 1
| #define HAVE_STDINT_H 1
| #define HAVE_UNISTD_H 1
| #define HAVE_DLFCN_H 1
| #define LT_OBJDIR ".libs/"
| #define STDC_HEADERS 1
| /* end confdefs.h.  */
| #include <stdio.h>
| #ifdef HAVE_SYS_TYPES_H
| # include <sys/types.h>
| #endif
| #ifdef HAVE_SYS_STAT_H
| # include <sys/stat.h>
| #endif
| #ifdef STDC_HEADERS
| # include <stdlib.h>
| # include <stddef.h>
| #else
| # ifdef HAVE_STDLIB_H
| #  include <stdlib.h>
| # endif
| #endif
| #ifdef HAVE_STRING_H
| # if !defined STDC_HEADERS && defined HAVE_MEMORY_H
| #  include <memory.h>
| # endif
| # include <string.h>
| #endif
| #ifdef HAVE_STRINGS_H
| # include <strings.h>
| #endif
| #ifdef HAVE_INTTYPES_H
| # include <inttypes.h>
| #endif
| #ifdef HAVE_STDINT_H
| # include <stdint.h>
| #endif
| #ifdef HAVE_UNISTD_H
| # include <unistd.h>
| #endif
| #include <CommonCrypto/CommonDigest.h>
configure:11030: result: no
configure:11030: checking CommonCrypto/CommonDigest.h presence
configure:11030: gcc -E  conftest.c
conftest.c:24:10: fatal error: CommonCrypto/CommonDigest.h: No such file or directory
   24 | #include <CommonCrypto/CommonDigest.h>
      |          ^~~~~~~~~~~~~~~~~~~~~~~~~~~~~
compilation terminated.
configure:11030: $? = 1
configure: failed program was:
| /* confdefs.h */
| #define PACKAGE_NAME "netpgp"
| #define PACKAGE_TARNAME "netpgp"
| #define PACKAGE_VERSION "20140220"
| #define PACKAGE_STRING "netpgp 20140220"
| #define PACKAGE_BUGREPORT "Alistair Crooks <agc@netbsd.org> c0596823"
| #define PACKAGE_URL ""
| #define PACKAGE "netpgp"
| #define VERSION "20140220"
| #define STDC_HEADERS 1
| #define HAVE_SYS_TYPES_H 1
| #define HAVE_SYS_STAT_H 1
| #define HAVE_STDLIB_H 1
| #define HAVE_STRING_H 1
| #define HAVE_MEMORY_H 1
| #define HAVE_STRINGS_H 1
| #define HAVE_INTTYPES_H 1
| #define HAVE_STDINT_H 1
| #define HAVE_UNISTD_H 1
| #define HAVE_DLFCN_H 1
| #define LT_OBJDIR ".libs/"
| #define STDC_HEADERS 1
| /* end confdefs.h.  */
| #include <CommonCrypto/CommonDigest.h>
configure:11030: result: no
configure:11030: checking for CommonCrypto/CommonDigest.h
configure:11030: result: no
configure:11044: checking dmalloc.h usability
configure:11044: gcc -c -g -O2  conftest.c >&5
conftest.c:57:10: fatal error: dmalloc.h: No such file or directory
   57 | #include <dmalloc.h>
      |          ^~~~~~~~~~~
compilation terminated.
configure:11044: $? = 1
configure: failed program was:
| /* confdefs.h */
| #define PACKAGE_NAME "netpgp"
| #define PACKAGE_TARNAME "netpgp"
| #define PACKAGE_VERSION "20140220"
| #define PACKAGE_STRING "netpgp 20140220"
| #define PACKAGE_BUGREPORT "Alistair Crooks <agc@netbsd.org> c0596823"
| #define PACKAGE_URL ""
| #define PACKAGE "netpgp"
| #define VERSION "20140220"
| #define STDC_HEADERS 1
| #define HAVE_SYS_TYPES_H 1
| #define HAVE_SYS_STAT_H 1
| #define HAVE_STDLIB_H 1
| #define HAVE_STRING_H 1
| #define HAVE_MEMORY_H 1
| #define HAVE_STRINGS_H 1
| #define HAVE_INTTYPES_H 1
| #define HAVE_STDINT_H 1
| #define HAVE_UNISTD_H 1
| #define HAVE_DLFCN_H 1
| #define LT_OBJDIR ".libs/"
| #define STDC_HEADERS 1
| /* end confdefs.h.  */
| #include <stdio.h>
| #ifdef HAVE_SYS_TYPES_H
| # include <sys/types.h>
| #endif
| #ifdef HAVE_SYS_STAT_H
| # include <sys/stat.h>
| #endif
| #ifdef STDC_HEADERS
| # include <stdlib.h>
| # include <stddef.h>
| #else
| # ifdef HAVE_STDLIB_H
| #  include <stdlib.h>
| # endif
| #endif
| #ifdef HAVE_STRING_H
| # if !defined STDC_HEADERS && defined HAVE_MEMORY_H
| #  include <memory.h>
| # endif
| # include <string.h>
| #endif
| #ifdef HAVE_STRINGS_H
| # include <strings.h>
| #endif
| #ifdef HAVE_INTTYPES_H
| # include <inttypes.h>
| #endif
| #ifdef HAVE_STDINT_H
| # include <stdint.h>
| #endif
| #ifdef HAVE_UNISTD_H
| # include <unistd.h>
| #endif
| #include <dmalloc.h>
configure:11044: result: no
configure:11044: checking dmalloc.h presence
configure:11044: gcc -E  conftest.c
conftest.c:24:10: fatal error: dmalloc.h: No such file or directory
   24 | #include <dmalloc.h>
      |          ^~~~~~~~~~~
compilation terminated.
configure:11044: $? = 1
configure: failed program was:
| /* confdefs.h */
| #define PACKAGE_NAME "netpgp"
| #define PACKAGE_TARNAME "netpgp"
| #define PACKAGE_VERSION "20140220"
| #define PACKAGE_STRING "netpgp 20140220"
| #define PACKAGE_BUGREPORT "Alistair Crooks <agc@netbsd.org> c0596823"
| #define PACKAGE_URL ""
| #define PACKAGE "netpgp"
| #define VERSION "20140220"
| #define STDC_HEADERS 1
| #define HAVE_SYS_TYPES_H 1
| #define HAVE_SYS_STAT_H 1
| #define HAVE_STDLIB_H 1
| #define HAVE_STRING_H 1
| #define HAVE_MEMORY_H 1
| #define HAVE_STRINGS_H 1
| #define HAVE_INTTYPES_H 1
| #define HAVE_STDINT_H 1
| #define HAVE_UNISTD_H 1
| #define HAVE_DLFCN_H 1
| #define LT_OBJDIR ".libs/"
| #define STDC_HEADERS 1
| /* end confdefs.h.  */
| #include <dmalloc.h>
configure:11044: result: no
configure:11044: checking for dmalloc.h
configure:11044: result: no
configure:11044: checking direct.h usability
configure:11044: gcc -c -g -O2  conftest.c >&5
conftest.c:57:10: fatal error: direct.h: No such file or directory
   57 | #include <direct.h>
      |          ^~~~~~~~~~
compilation terminated.
configure:11044: $? = 1
configure: failed program was:
| /* confdefs.h */
| #define PACKAGE_NAME "netpgp"
| #define PACKAGE_TARNAME "netpgp"
| #define PACKAGE_VERSION "20140220"
| #define PACKAGE_STRING "netpgp 20140220"
| #define PACKAGE_BUGREPORT "Alistair Crooks <agc@netbsd.org> c0596823"
| #define PACKAGE_URL ""
| #define PACKAGE "netpgp"
| #define VERSION "20140220"
| #define STDC_HEADERS 1
| #define HAVE_SYS_TYPES_H 1
| #define HAVE_SYS_STAT_H 1
| #define HAVE_STDLIB_H 1
| #define HAVE_STRING_H 1
| #define HAVE_MEMORY_H 1
| #define HAVE_STRINGS_H 1
| #define HAVE_INTTYPES_H 1
| #define HAVE_STDINT_H 1
| #define HAVE_UNISTD_H 1
| #define HAVE_DLFCN_H 1
| #define LT_OBJDIR ".libs/"
| #define STDC_HEADERS 1
| /* end confdefs.h.  */
| #include <stdio.h>
| #ifdef HAVE_SYS_TYPES_H
| # include <sys/types.h>
| #endif
| #ifdef HAVE_SYS_STAT_H
| # include <sys/stat.h>
| #endif
| #ifdef STDC_HEADERS
| # include <stdlib.h>
| # include <stddef.h>
| #else
| # ifdef HAVE_STDLIB_H
| #  include <stdlib.h>
| # endif
| #endif
| #ifdef HAVE_STRING_H
| # if !defined STDC_HEADERS && defined HAVE_MEMORY_H
| #  include <memory.h>
| # endif
| # include <string.h>
| #endif
| #ifdef HAVE_STRINGS_H
| # include <strings.h>
| #endif
| #ifdef HAVE_INTTYPES_H
| # include <inttypes.h>
| #endif
| #ifdef HAVE_STDINT_H
| # include <stdint.h>
| #endif
| #ifdef HAVE_UNISTD_H
| # include <unistd.h>
| #endif
| #include <direct.h>
configure:11044: result: no
configure:11044: checking direct.h presence
configure:11044: gcc -E  conftest.c
conftest.c:24:10: fatal error: direct.h: No such file or directory
   24 | #include <direct.h>
      |          ^~~~~~~~~~
compilation terminated.
configure:11044: $? = 1
configure: failed program was:
| /* confdefs.h */
| #define PACKAGE_NAME "netpgp"
| #define PACKAGE_TARNAME "netpgp"
| #define PACKAGE_VERSION "20140220"
| #define PACKAGE_STRING "netpgp 20140220"
| #define PACKAGE_BUGREPORT "Alistair Crooks <agc@netbsd.org> c0596823"
| #define PACKAGE_URL ""
| #define PACKAGE "netpgp"
| #define VERSION "20140220"
| #define STDC_HEADERS 1
| #define HAVE_SYS_TYPES_H 1
| #define HAVE_SYS_STAT_H 1
| #define HAVE_STDLIB_H 1
| #define HAVE_STRING_H 1
| #define HAVE_MEMORY_H 1
| #define HAVE_STRINGS_H 1
| #define HAVE_INTTYPES_H 1
| #define HAVE_STDINT_H 1
| #define HAVE_UNISTD_H 1
| #define HAVE_DLFCN_H 1
| #define LT_OBJDIR ".libs/"
| #define STDC_HEADERS 1
| /* end confdefs.h.  */
| #include <direct.h>
configure:11044: result: no
configure:11044: checking for direct.h
configure:11044: result: no
configure:11044: checking errno.h usability
configure:11044: gcc -c -g -O2  conftest.c >&5
configure:11044: $? = 0
configure:11044: result: yes
configure:11044: checking errno.h presence
configure:11044: gcc -E  conftest.c
configure:11044: $? = 0
configure:11044: result: yes
configure:11044: checking for errno.h
configure:11044: result: yes
configure:11044: checking fcntl.h usability
configure:11044: gcc -c -g -O2  conftest.c >&5
configure:11044: $? = 0
configure:11044: result: yes
configure:11044: checking fcntl.h presence
configure:11044: gcc -E  conftest.c
configure:11044: $? = 0
configure:11044: result: yes
configure:11044: checking for fcntl.h
configure:11044: result: yes
configure:11044: checking for inttypes.h
configure:11044: result: yes
configure:11044: checking limits.h usability
configure:11044: gcc -c -g -O2  conftest.c >&5
configure:11044: $? = 0
configure:11044: result: yes
configure:11044: checking limits.h presence
configure:11044: gcc -E  conftest.c
configure:11044: $? = 0
configure:11044: result: yes
configure:11044: checking for limits.h
configure:11044: result: yes
configure:11044: checking malloc.h usability
configure:11044: gcc -c -g -O2  conftest.c >&5
configure:11044: $? = 0
configure:11044: result: yes
configure:11044: checking malloc.h presence
configure:11044: gcc -E  conftest.c
configure:11044: $? = 0
configure:11044: result: yes
configure:11044: checking for malloc.h
configure:11044: result: yes
configure:11044: checking zlib.h usability
configure:11044: gcc -c -g -O2  conftest.c >&5
configure:11044: $? = 0
configure:11044: result: yes
configure:11044: checking zlib.h presence
configure:11044: gcc -E  conftest.c
configure:11044: $? = 0
configure:11044: result: yes
configure:11044: checking for zlib.h
configure:11044: result: yes
configure:11060: checking openssl/aes.h usability
configure:11060: gcc -c -g -O2  conftest.c >&5
configure:11060: $? = 0
configure:11060: result: yes
configure:11060: checking openssl/aes.h presence
configure:11060: gcc -E  conftest.c
configure:11060: $? = 0
configure:11060: result: yes
configure:11060: checking for openssl/aes.h
configure:11060: result: yes
configure:11060: checking openssl/bn.h usability
configure:11060: gcc -c -g -O2  conftest.c >&5
configure:11060: $? = 0
configure:11060: result: yes
configure:11060: checking openssl/bn.h presence
configure:11060: gcc -E  conftest.c
configure:11060: $? = 0
configure:11060: result: yes
configure:11060: checking for openssl/bn.h
configure:11060: result: yes
configure:11060: checking openssl/camellia.h usability
configure:11060: gcc -c -g -O2  conftest.c >&5
configure:11060: $? = 0
configure:11060: result: yes
configure:11060: checking openssl/camellia.h presence
configure:11060: gcc -E  conftest.c
configure:11060: $? = 0
configure:11060: result: yes
configure:11060: checking for openssl/camellia.h
configure:11060: result: yes
configure:11060: checking openssl/cast.h usability
configure:11060: gcc -c -g -O2  conftest.c >&5
configure:11060: $? = 0
configure:11060: result: yes
configure:11060: checking openssl/cast.h presence
configure:11060: gcc -E  conftest.c
configure:11060: $? = 0
configure:11060: result: yes
configure:11060: checking for openssl/cast.h
configure:11060: result: yes
configure:11060: checking openssl/des.h usability
configure:11060: gcc -c -g -O2  conftest.c >&5
configure:11060: $? = 0
configure:11060: result: yes
configure:11060: checking openssl/des.h presence
configure:11060: gcc -E  conftest.c
configure:11060: $? = 0
configure:11060: result: yes
configure:11060: checking for openssl/des.h
configure:11060: result: yes
configure:11060: checking openssl/dsa.h usability
configure:11060: gcc -c -g -O2  conftest.c >&5
configure:11060: $? = 0
configure:11060: result: yes
configure:11060: checking openssl/dsa.h presence
configure:11060: gcc -E  conftest.c
configure:11060: $? = 0
configure:11060: result: yes
configure:11060: checking for openssl/dsa.h
configure:11060: result: yes
configure:11060: checking openssl/err.h usability
configure:11060: gcc -c -g -O2  conftest.c >&5
configure:11060: $? = 0
configure:11060: result: yes
configure:11060: checking openssl/err.h presence
configure:11060: gcc -E  conftest.c
configure:11060: $? = 0
configure:11060: result: yes
configure:11060: checking for openssl/err.h
configure:11060: result: yes
configure:11060: checking openssl/idea.h usability
configure:11060: gcc -c -g -O2  conftest.c >&5
configure:11060: $? = 0
configure:11060: result: yes
configure:11060: checking openssl/idea.h presence
configure:11060: gcc -E  conftest.c
configure:11060: $? = 0
configure:11060: result: yes
configure:11060: checking for openssl/idea.h
configure:11060: result: yes
configure:11060: checking openssl/md5.h usability
configure:11060: gcc -c -g -O2  conftest.c >&5
configure:11060: $? = 0
configure:11060: result: yes
configure:11060: checking openssl/md5.h presence
configure:11060: gcc -E  conftest.c
configure:11060: $? = 0
configure:11060: result: yes
configure:11060: checking for openssl/md5.h
configure:11060: result: yes
configure:11060: checking openssl/rand.h usability
configure:11060: gcc -c -g -O2  conftest.c >&5
configure:11060: $? = 0
configure:11060: result: yes
configure:11060: checking openssl/rand.h presence
configure:11060: gcc -E  conftest.c
configure:11060: $? = 0
configure:11060: result: yes
configure:11060: checking for openssl/rand.h
configure:11060: result: yes
configure:11060: checking openssl/rsa.h usability
configure:11060: gcc -c -g -O2  conftest.c >&5
configure:11060: $? = 0
configure:11060: result: yes
configure:11060: checking openssl/rsa.h presence
configure:11060: gcc -E  conftest.c
configure:11060: $? = 0
configure:11060: result: yes
configure:11060: checking for openssl/rsa.h
configure:11060: result: yes
configure:11060: checking openssl/sha.h usability
configure:11060: gcc -c -g -O2  conftest.c >&5
configure:11060: $? = 0
configure:11060: result: yes
configure:11060: checking openssl/sha.h presence
configure:11060: gcc -E  conftest.c
configure:11060: $? = 0
configure:11060: result: yes
configure:11060: checking for openssl/sha.h
configure:11060: result: yes
configure:11060: checking for openssl/err.h
configure:11060: result: yes
configure:11060: checking for openssl/sha.h
configure:11060: result: yes
configure:11074: checking sys/cdefs.h usability
configure:11074: gcc -c -g -O2  conftest.c >&5
configure:11074: $? = 0
configure:11074: result: yes
configure:11074: checking sys/cdefs.h presence
configure:11074: gcc -E  conftest.c
configure:11074: $? = 0
configure:11074: result: yes
configure:11074: checking for sys/cdefs.h
configure:11074: result: yes
configure:11074: checking sys/file.h usability
configure:11074: gcc -c -g -O2  conftest.c >&5
configure:11074: $? = 0
configure:11074: result: yes
configure:11074: checking sys/file.h presence
configure:11074: gcc -E  conftest.c
configure:11074: $? = 0
configure:11074: result: yes
configure:11074: checking for sys/file.h
configure:11074: result: yes
configure:11074: checking sys/mman.h usability
configure:11074: gcc -c -g -O2  conftest.c >&5
configure:11074: $? = 0
configure:11074: result: yes
configure:11074: checking sys/mman.h presence
configure:11074: gcc -E  conftest.c
configure:11074: $? = 0
configure:11074: result: yes
configure:11074: checking for sys/mman.h
configure:11074: result: yes
configure:11074: checking sys/param.h usability
configure:11074: gcc -c -g -O2  conftest.c >&5
configure:11074: $? = 0
configure:11074: result: yes
configure:11074: checking sys/param.h presence
configure:11074: gcc -E  conftest.c
configure:11074: $? = 0
configure:11074: result: yes
configure:11074: checking for sys/param.h
configure:11074: result: yes
configure:11074: checking sys/resource.h usability
configure:11074: gcc -c -g -O2  conftest.c >&5
configure:11074: $? = 0
configure:11074: result: yes
configure:11074: checking sys/resource.h presence
configure:11074: gcc -E  conftest.c
configure:11074: $? = 0
configure:11074: result: yes
configure:11074: checking for sys/resource.h
configure:11074: result: yes
configure:11074: checking sys/uio.h usability
configure:11074: gcc -c -g -O2  conftest.c >&5
configure:11074: $? = 0
configure:11074: result: yes
configure:11074: checking sys/uio.h presence
configure:11074: gcc -E  conftest.c
configure:11074: $? = 0
configure:11074: result: yes
configure:11074: checking for sys/uio.h
configure:11074: result: yes
configure:11087: checking bzlib.h usability
configure:11087: gcc -c -g -O2  conftest.c >&5
configure:11087: $? = 0
configure:11087: result: yes
configure:11087: checking bzlib.h presence
configure:11087: gcc -E  conftest.c
configure:11087: $? = 0
configure:11087: result: yes
configure:11087: checking for bzlib.h
configure:11087: result: yes
configure:11106: checking for unsigned long long int
configure:11145: gcc -o conftest -g -O2   conftest.c  >&5
configure:11145: $? = 0
configure:11154: result: yes
configure:11164: checking for long long int
configure:11202: gcc -o conftest -g -O2   conftest.c  >&5
configure:11202: $? = 0
configure:11202: ./conftest
configure:11202: $? = 0
configure:11214: result: yes
configure:11222: checking for size_t
configure:11222: gcc -c -g -O2  conftest.c >&5
configure:11222: $? = 0
configure:11222: gcc -c -g -O2  conftest.c >&5
conftest.c: In function 'main':
conftest.c:89:21: error: expected expression before ')' token
   89 | if (sizeof ((size_t)))
      |                     ^
configure:11222: $? = 1
configure: failed program was:
| /* confdefs.h */
| #define PACKAGE_NAME "netpgp"
| #define PACKAGE_TARNAME "netpgp"
| #define PACKAGE_VERSION "20140220"
| #define PACKAGE_STRING "netpgp 20140220"
| #define PACKAGE_BUGREPORT "Alistair Crooks <agc@netbsd.org> c0596823"
| #define PACKAGE_URL ""
| #define PACKAGE "netpgp"
| #define VERSION "20140220"
| #define STDC_HEADERS 1
| #define HAVE_SYS_TYPES_H 1
| #define HAVE_SYS_STAT_H 1
| #define HAVE_STDLIB_H 1
| #define HAVE_STRING_H 1
| #define HAVE_MEMORY_H 1
| #define HAVE_STRINGS_H 1
| #define HAVE_INTTYPES_H 1
| #define HAVE_STDINT_H 1
| #define HAVE_UNISTD_H 1
| #define HAVE_DLFCN_H 1
| #define LT_OBJDIR ".libs/"
| #define STDC_HEADERS 1
| #define HAVE_ERRNO_H 1
| #define HAVE_FCNTL_H 1
| #define HAVE_INTTYPES_H 1
| #define HAVE_LIMITS_H 1
| #define HAVE_MALLOC_H 1
| #define HAVE_ZLIB_H 1
| #define HAVE_OPENSSL_AES_H 1
| #define HAVE_OPENSSL_BN_H 1
| #define HAVE_OPENSSL_CAMELLIA_H 1
| #define HAVE_OPENSSL_CAST_H 1
| #define HAVE_OPENSSL_DES_H 1
| #define HAVE_OPENSSL_DSA_H 1
| #define HAVE_OPENSSL_ERR_H 1
| #define HAVE_OPENSSL_IDEA_H 1
| #define HAVE_OPENSSL_MD5_H 1
| #define HAVE_OPENSSL_RAND_H 1
| #define HAVE_OPENSSL_RSA_H 1
| #define HAVE_OPENSSL_SHA_H 1
| #define HAVE_OPENSSL_ERR_H 1
| #define HAVE_OPENSSL_SHA_H 1
| #define HAVE_SYS_CDEFS_H 1
| #define HAVE_SYS_FILE_H 1
| #define HAVE_SYS_MMAN_H 1
| #define HAVE_SYS_PARAM_H 1
| #define HAVE_SYS_RESOURCE_H 1
| #define HAVE_SYS_UIO_H 1
| #define HAVE_BZLIB_H 1
| #define HAVE_UNSIGNED_LONG_LONG_INT 1
| #define HAVE_LONG_LONG_INT 1
| /* end confdefs.h.  */
| #include <stdio.h>
| #ifdef HAVE_SYS_TYPES_H
| # include <sys/types.h>
| #endif
| #ifdef HAVE_SYS_STAT_H
| # include <sys/stat.h>
| #endif
| #ifdef STDC_HEADERS
| # include <stdlib.h>
| # include <stddef.h>
| #else
| # ifdef HAVE_STDLIB_H
| #  include <stdlib.h>
| # endif
| #endif
| #ifdef HAVE_STRING_H
| # if !defined STDC_HEADERS && defined HAVE_MEMORY_H
| #  include <memory.h>
| # endif
| # include <string.h>
| #endif
| #ifdef HAVE_STRINGS_H
| # include <strings.h>
| #endif
| #ifdef HAVE_INTTYPES_H
| # include <inttypes.h>
| #endif
| #ifdef HAVE_STDINT_H
| # include <stdint.h>
| #endif
| #ifdef HAVE_UNISTD_H
| # include <unistd.h>
| #endif
| int
| main ()
| {
| if (sizeof ((size_t)))
| 	    return 0;
|   ;
|   return 0;
| }
configure:11222: result: yes
configure:11233: checking for uint16_t
configure:11233: gcc -c -g -O2  conftest.c >&5
configure:11233: $? = 0
configure:11233: result: yes
configure:11245: checking for uint32_t
configure:11245: gcc -c -g -O2  conftest.c >&5
configure:11245: $? = 0
configure:11245: result: yes
configure:11259: checking for uint64_t
configure:11259: gcc -c -g -O2  conftest.c >&5
configure:11259: $? = 0
configure:11259: result: yes
configure:11273: checking for uint8_t
configure:11273: gcc -c -g -O2  conftest.c >&5
configure:11273: $? = 0
configure:11273: result: yes
configure:11367: checking for pkg-config
configure:11385: found /usr/bin/pkg-config
configure:11397: result: /usr/bin/pkg-config
configure:11453: checking whether compiling and linking against OpenSSL works
Trying link with OPENSSL_LDFLAGS=; OPENSSL_LIBS=-lssl -lcrypto; OPENSSL_INCLUDES=
configure:11475: gcc -o conftest -g -O2     conftest.c -lssl -lcrypto  >&5
configure:11475: $? = 0
configure:11477: result: yes
configure:11499: checking for SHA256_CTX
configure:11499: gcc -c -g -O2  conftest.c >&5
configure:11499: $? = 0
configure:11499: gcc -c -g -O2  conftest.c >&5
conftest.c: In function 'main':
conftest.c:69:25: error: expected expression before ')' token
   69 | if (sizeof ((SHA256_CTX)))
      |                         ^
configure:11499: $? = 1
configure: failed program was:
| /* confdefs.h */
| #define PACKAGE_NAME "netpgp"
| #define PACKAGE_TARNAME "netpgp"
| #define PACKAGE_VERSION "20140220"
| #define PACKAGE_STRING "netpgp 20140220"
| #define PACKAGE_BUGREPORT "Alistair Crooks <agc@netbsd.org> c0596823"
| #define PACKAGE_URL ""
| #define PACKAGE "netpgp"
| #define VERSION "20140220"
| #define STDC_HEADERS 1
| #define HAVE_SYS_TYPES_H 1
| #define HAVE_SYS_STAT_H 1
| #define HAVE_STDLIB_H 1
| #define HAVE_STRING_H 1
| #define HAVE_MEMORY_H 1
| #define HAVE_STRINGS_H 1
| #define HAVE_INTTYPES_H 1
| #define HAVE_STDINT_H 1
| #define HAVE_UNISTD_H 1
| #define HAVE_DLFCN_H 1
| #define LT_OBJDIR ".libs/"
| #define STDC_HEADERS 1
| #define HAVE_ERRNO_H 1
| #define HAVE_FCNTL_H 1
| #define HAVE_INTTYPES_H 1
| #define HAVE_LIMITS_H 1
| #define HAVE_MALLOC_H 1
| #define HAVE_ZLIB_H 1
| #define HAVE_OPENSSL_AES_H 1
| #define HAVE_OPENSSL_BN_H 1
| #define HAVE_OPENSSL_CAMELLIA_H 1
| #define HAVE_OPENSSL_CAST_H 1
| #define HAVE_OPENSSL_DES_H 1
| #define HAVE_OPENSSL_DSA_H 1
| #define HAVE_OPENSSL_ERR_H 1
| #define HAVE_OPENSSL_IDEA_H 1
| #define HAVE_OPENSSL_MD5_H 1
| #define HAVE_OPENSSL_RAND_H 1
| #define HAVE_OPENSSL_RSA_H 1
| #define HAVE_OPENSSL_SHA_H 1
| #define HAVE_OPENSSL_ERR_H 1
| #define HAVE_OPENSSL_SHA_H 1
| #define HAVE_SYS_CDEFS_H 1
| #define HAVE_SYS_FILE_H 1
| #define HAVE_SYS_MMAN_H 1
| #define HAVE_SYS_PARAM_H 1
| #define HAVE_SYS_RESOURCE_H 1
| #define HAVE_SYS_UIO_H 1
| #define HAVE_BZLIB_H 1
| #define HAVE_UNSIGNED_LONG_LONG_INT 1
| #define HAVE_LONG_LONG_INT 1
| /* end confdefs.h.  */
| 
| #if defined(HAVE_SYS_TYPES_H)
| #include <sys/types.h>
| #endif
| #if defined(HAVE_OPENSSL_SHA_H)
| #include <openssl/sha.h>
| #endif
| #if defined(HAVE_COMMONCRYPTO_COMMONDIGEST_H)
| #define COMMON_DIGEST_FOR_OPENSSL 1
| #include <CommonCrypto/CommonDigest.h>
| #endif
| 
| 
| int
| main ()
| {
| if (sizeof ((SHA256_CTX)))
| 	    return 0;
|   ;
|   return 0;
| }
configure:11499: result: yes
configure:11529: checking for library containing gzopen
configure:11560: gcc -o conftest -g -O2   conftest.c  >&5
/usr/bin/ld: /tmp/ccu4ZpO0.o: in function `main':
/home/sumantakollya/Projects/netpgp/conftest.c:65: undefined reference to `gzopen'
collect2: error: ld returned 1 exit status
configure:11560: $? = 1
configure: failed program was:
| /* confdefs.h */
| #define PACKAGE_NAME "netpgp"
| #define PACKAGE_TARNAME "netpgp"
| #define PACKAGE_VERSION "20140220"
| #define PACKAGE_STRING "netpgp 20140220"
| #define PACKAGE_BUGREPORT "Alistair Crooks <agc@netbsd.org> c0596823"
| #define PACKAGE_URL ""
| #define PACKAGE "netpgp"
| #define VERSION "20140220"
| #define STDC_HEADERS 1
| #define HAVE_SYS_TYPES_H 1
| #define HAVE_SYS_STAT_H 1
| #define HAVE_STDLIB_H 1
| #define HAVE_STRING_H 1
| #define HAVE_MEMORY_H 1
| #define HAVE_STRINGS_H 1
| #define HAVE_INTTYPES_H 1
| #define HAVE_STDINT_H 1
| #define HAVE_UNISTD_H 1
| #define HAVE_DLFCN_H 1
| #define LT_OBJDIR ".libs/"
| #define STDC_HEADERS 1
| #define HAVE_ERRNO_H 1
| #define HAVE_FCNTL_H 1
| #define HAVE_INTTYPES_H 1
| #define HAVE_LIMITS_H 1
| #define HAVE_MALLOC_H 1
| #define HAVE_ZLIB_H 1
| #define HAVE_OPENSSL_AES_H 1
| #define HAVE_OPENSSL_BN_H 1
| #define HAVE_OPENSSL_CAMELLIA_H 1
| #define HAVE_OPENSSL_CAST_H 1
| #define HAVE_OPENSSL_DES_H 1
| #define HAVE_OPENSSL_DSA_H 1
| #define HAVE_OPENSSL_ERR_H 1
| #define HAVE_OPENSSL_IDEA_H 1
| #define HAVE_OPENSSL_MD5_H 1
| #define HAVE_OPENSSL_RAND_H 1
| #define HAVE_OPENSSL_RSA_H 1
| #define HAVE_OPENSSL_SHA_H 1
| #define HAVE_OPENSSL_ERR_H 1
| #define HAVE_OPENSSL_SHA_H 1
| #define HAVE_SYS_CDEFS_H 1
| #define HAVE_SYS_FILE_H 1
| #define HAVE_SYS_MMAN_H 1
| #define HAVE_SYS_PARAM_H 1
| #define HAVE_SYS_RESOURCE_H 1
| #define HAVE_SYS_UIO_H 1
| #define HAVE_BZLIB_H 1
| #define HAVE_UNSIGNED_LONG_LONG_INT 1
| #define HAVE_LONG_LONG_INT 1
| #define HAVE_SHA256_CTX 1
| /* end confdefs.h.  */
| 
| /* Override any GCC internal prototype to avoid an error.
|    Use char because int might match the return type of a GCC
|    builtin and then its argument prototype would still apply.  */
| #ifdef __cplusplus
| extern "C"
| #endif
| char gzopen ();
| int
| main ()
| {
| return gzopen ();
|   ;
|   return 0;
| }
configure:11560: gcc -o conftest -g -O2   conftest.c -lz   >&5
configure:11560: $? = 0
configure:11577: result: -lz
configure:11585: checking for library containing BZ2_bzDecompress
configure:11616: gcc -o conftest -g -O2   conftest.c -lz  >&5
/usr/bin/ld: /tmp/ccCSMj1o.o: in function `main':
/home/sumantakollya/Projects/netpgp/conftest.c:65: undefined reference to `BZ2_bzDecompress'
collect2: error: ld returned 1 exit status
configure:11616: $? = 1
configure: failed program was:
| /* confdefs.h */
| #define PACKAGE_NAME "netpgp"
| #define PACKAGE_TARNAME "netpgp"
| #define PACKAGE_VERSION "20140220"
| #define PACKAGE_STRING "netpgp 20140220"
| #define PACKAGE_BUGREPORT "Alistair Crooks <agc@netbsd.org> c0596823"
| #define PACKAGE_URL ""
| #define PACKAGE "netpgp"
| #define VERSION "20140220"
| #define STDC_HEADERS 1
| #define HAVE_SYS_TYPES_H 1
| #define HAVE_SYS_STAT_H 1
| #define HAVE_STDLIB_H 1
| #define HAVE_STRING_H 1
| #define HAVE_MEMORY_H 1
| #define HAVE_STRINGS_H 1
| #define HAVE_INTTYPES_H 1
| #define HAVE_STDINT_H 1
| #define HAVE_UNISTD_H 1
| #define HAVE_DLFCN_H 1
| #define LT_OBJDIR ".libs/"
| #define STDC_HEADERS 1
| #define HAVE_ERRNO_H 1
| #define HAVE_FCNTL_H 1
| #define HAVE_INTTYPES_H 1
| #define HAVE_LIMITS_H 1
| #define HAVE_MALLOC_H 1
| #define HAVE_ZLIB_H 1
| #define HAVE_OPENSSL_AES_H 1
| #define HAVE_OPENSSL_BN_H 1
| #define HAVE_OPENSSL_CAMELLIA_H 1
| #define HAVE_OPENSSL_CAST_H 1
| #define HAVE_OPENSSL_DES_H 1
| #define HAVE_OPENSSL_DSA_H 1
| #define HAVE_OPENSSL_ERR_H 1
| #define HAVE_OPENSSL_IDEA_H 1
| #define HAVE_OPENSSL_MD5_H 1
| #define HAVE_OPENSSL_RAND_H 1
| #define HAVE_OPENSSL_RSA_H 1
| #define HAVE_OPENSSL_SHA_H 1
| #define HAVE_OPENSSL_ERR_H 1
| #define HAVE_OPENSSL_SHA_H 1
| #define HAVE_SYS_CDEFS_H 1
| #define HAVE_SYS_FILE_H 1
| #define HAVE_SYS_MMAN_H 1
| #define HAVE_SYS_PARAM_H 1
| #define HAVE_SYS_RESOURCE_H 1
| #define HAVE_SYS_UIO_H 1
| #define HAVE_BZLIB_H 1
| #define HAVE_UNSIGNED_LONG_LONG_INT 1
| #define HAVE_LONG_LONG_INT 1
| #define HAVE_SHA256_CTX 1
| /* end confdefs.h.  */
| 
| /* Override any GCC internal prototype to avoid an error.
|    Use char because int might match the return type of a GCC
|    builtin and then its argument prototype would still apply.  */
| #ifdef __cplusplus
| extern "C"
| #endif
| char BZ2_bzDecompress ();
| int
| main ()
| {
| return BZ2_bzDecompress ();
|   ;
|   return 0;
| }
configure:11616: gcc -o conftest -g -O2   conftest.c -lbz2  -lz  >&5
configure:11616: $? = 0
configure:11633: result: -lbz2
configure:11641: checking for library containing RSA_public_encrypt
configure:11672: gcc -o conftest -g -O2   conftest.c -lbz2 -lz  >&5
/usr/bin/ld: /tmp/cckv2V5b.o: in function `main':
/home/sumantakollya/Projects/netpgp/conftest.c:65: undefined reference to `RSA_public_encrypt'
collect2: error: ld returned 1 exit status
configure:11672: $? = 1
configure: failed program was:
| /* confdefs.h */
| #define PACKAGE_NAME "netpgp"
| #define PACKAGE_TARNAME "netpgp"
| #define PACKAGE_VERSION "20140220"
| #define PACKAGE_STRING "netpgp 20140220"
| #define PACKAGE_BUGREPORT "Alistair Crooks <agc@netbsd.org> c0596823"
| #define PACKAGE_URL ""
| #define PACKAGE "netpgp"
| #define VERSION "20140220"
| #define STDC_HEADERS 1
| #define HAVE_SYS_TYPES_H 1
| #define HAVE_SYS_STAT_H 1
| #define HAVE_STDLIB_H 1
| #define HAVE_STRING_H 1
| #define HAVE_MEMORY_H 1
| #define HAVE_STRINGS_H 1
| #define HAVE_INTTYPES_H 1
| #define HAVE_STDINT_H 1
| #define HAVE_UNISTD_H 1
| #define HAVE_DLFCN_H 1
| #define LT_OBJDIR ".libs/"
| #define STDC_HEADERS 1
| #define HAVE_ERRNO_H 1
| #define HAVE_FCNTL_H 1
| #define HAVE_INTTYPES_H 1
| #define HAVE_LIMITS_H 1
| #define HAVE_MALLOC_H 1
| #define HAVE_ZLIB_H 1
| #define HAVE_OPENSSL_AES_H 1
| #define HAVE_OPENSSL_BN_H 1
| #define HAVE_OPENSSL_CAMELLIA_H 1
| #define HAVE_OPENSSL_CAST_H 1
| #define HAVE_OPENSSL_DES_H 1
| #define HAVE_OPENSSL_DSA_H 1
| #define HAVE_OPENSSL_ERR_H 1
| #define HAVE_OPENSSL_IDEA_H 1
| #define HAVE_OPENSSL_MD5_H 1
| #define HAVE_OPENSSL_RAND_H 1
| #define HAVE_OPENSSL_RSA_H 1
| #define HAVE_OPENSSL_SHA_H 1
| #define HAVE_OPENSSL_ERR_H 1
| #define HAVE_OPENSSL_SHA_H 1
| #define HAVE_SYS_CDEFS_H 1
| #define HAVE_SYS_FILE_H 1
| #define HAVE_SYS_MMAN_H 1
| #define HAVE_SYS_PARAM_H 1
| #define HAVE_SYS_RESOURCE_H 1
| #define HAVE_SYS_UIO_H 1
| #define HAVE_BZLIB_H 1
| #define HAVE_UNSIGNED_LONG_LONG_INT 1
| #define HAVE_LONG_LONG_INT 1
| #define HAVE_SHA256_CTX 1
| /* end confdefs.h.  */
| 
| /* Override any GCC internal prototype to avoid an error.
|    Use char because int might match the return type of a GCC
|    builtin and then its argument prototype would still apply.  */
| #ifdef __cplusplus
| extern "C"
| #endif
| char RSA_public_encrypt ();
| int
| main ()
| {
| return RSA_public_encrypt ();
|   ;
|   return 0;
| }
configure:11672: gcc -o conftest -g -O2   conftest.c -lcrypto  -lbz2 -lz  >&5
configure:11672: $? = 0
configure:11689: result: -lcrypto
configure:11828: creating ./config.status

## ---------------------- ##
## Running config.status. ##
## ---------------------- ##

This file was extended by netpgp config.status 20140220, which was
generated by GNU Autoconf 2.69.  Invocation command line was

  CONFIG_FILES    = 
  CONFIG_HEADERS  = 
  CONFIG_LINKS    = 
  CONFIG_COMMANDS = 
  $ ./config.status 

on pop-os

config.status:1108: creating Makefile
config.status:1108: creating include/Makefile
config.status:1108: creating src/Makefile
config.status:1108: creating src/libmj/Makefile
config.status:1108: creating src/lib/Makefile
config.status:1108: creating src/netpgp/Makefile
config.status:1108: creating src/netpgpkeys/Makefile
config.status:1108: creating tests/Makefile
config.status:1108: creating tests/atlocal
config.status:1108: creating src/lib/config.h
config.status:1337: executing depfiles commands
config.status:1337: executing libtool commands
config.status:1337: executing tests/atconfig commands
configure:14062:  === Configuration results ===
configure:14064: Version:             20140220
configure:14066: C compiler:          gcc
configure:14068: Warning CFLAGS:      -Werror -Wall -Wpointer-arith
configure:14070: =============================

## ---------------- ##
## Cache variables. ##
## ---------------- ##

ac_cv_build=x86_64-unknown-linux-gnu
ac_cv_c_compiler_gnu=yes
ac_cv_c_uint16_t=yes
ac_cv_c_uint32_t=yes
ac_cv_c_uint64_t=yes
ac_cv_c_uint8_t=yes
ac_cv_env_CC_set=
ac_cv_env_CC_value=
ac_cv_env_CFLAGS_set=
ac_cv_env_CFLAGS_value=
ac_cv_env_CPPFLAGS_set=
ac_cv_env_CPPFLAGS_value=
ac_cv_env_CPP_set=
ac_cv_env_CPP_value=
ac_cv_env_LDFLAGS_set=
ac_cv_env_LDFLAGS_value=
ac_cv_env_LIBS_set=
ac_cv_env_LIBS_value=
ac_cv_env_build_alias_set=
ac_cv_env_build_alias_value=
ac_cv_env_host_alias_set=
ac_cv_env_host_alias_value=
ac_cv_env_target_alias_set=
ac_cv_env_target_alias_value=
ac_cv_header_CommonCrypto_CommonDigest_h=no
ac_cv_header_bzlib_h=yes
ac_cv_header_direct_h=no
ac_cv_header_dlfcn_h=yes
ac_cv_header_dmalloc_h=no
ac_cv_header_errno_h=yes
ac_cv_header_fcntl_h=yes
ac_cv_header_inttypes_h=yes
ac_cv_header_limits_h=yes
ac_cv_header_malloc_h=yes
ac_cv_header_memory_h=yes
ac_cv_header_openssl_aes_h=yes
ac_cv_header_openssl_bn_h=yes
ac_cv_header_openssl_camellia_h=yes
ac_cv_header_openssl_cast_h=yes
ac_cv_header_openssl_des_h=yes
ac_cv_header_openssl_dsa_h=yes
ac_cv_header_openssl_err_h=yes
ac_cv_header_openssl_idea_h=yes
ac_cv_header_openssl_md5_h=yes
ac_cv_header_openssl_rand_h=yes
ac_cv_header_openssl_rsa_h=yes
ac_cv_header_openssl_sha_h=yes
ac_cv_header_stdc=yes
ac_cv_header_stdint_h=yes
ac_cv_header_stdlib_h=yes
ac_cv_header_string_h=yes
ac_cv_header_strings_h=yes
ac_cv_header_sys_cdefs_h=yes
ac_cv_header_sys_file_h=yes
ac_cv_header_sys_mman_h=yes
ac_cv_header_sys_param_h=yes
ac_cv_header_sys_resource_h=yes
ac_cv_header_sys_stat_h=yes
ac_cv_header_sys_types_h=yes
ac_cv_header_sys_uio_h=yes
ac_cv_header_unistd_h=yes
ac_cv_header_zlib_h=yes
ac_cv_host=x86_64-unknown-linux-gnu
ac_cv_objext=o
ac_cv_path_EGREP='/usr/bin/grep -E'
ac_cv_path_FGREP='/usr/bin/grep -F'
ac_cv_path_GREP=/usr/bin/grep
ac_cv_path_PKG_CONFIG=/usr/bin/pkg-config
ac_cv_path_SED=/usr/bin/sed
ac_cv_path_install='/usr/bin/install -c'
ac_cv_path_mkdir=/usr/bin/mkdir
ac_cv_prog_AWK=mawk
ac_cv_prog_CPP='gcc -E'
ac_cv_prog_ac_ct_AR=ar
ac_cv_prog_ac_ct_CC=gcc
ac_cv_prog_ac_ct_OBJDUMP=objdump
ac_cv_prog_ac_ct_RANLIB=ranlib
ac_cv_prog_ac_ct_STRIP=strip
ac_cv_prog_cc_c89=
ac_cv_prog_cc_g=yes
ac_cv_prog_make_make_set=yes
ac_cv_search_BZ2_bzDecompress=-lbz2
ac_cv_search_RSA_public_encrypt=-lcrypto
ac_cv_search_dlopen='none required'
ac_cv_search_gzopen=-lz
ac_cv_type_SHA256_CTX=yes
ac_cv_type_long_long_int=yes
ac_cv_type_size_t=yes
ac_cv_type_unsigned_long_long_int=yes
am_cv_CC_dependencies_compiler_type=gcc3
lt_cv_deplibs_check_method=pass_all
lt_cv_file_magic_cmd='$MAGIC_CMD'
lt_cv_file_magic_test_file=
lt_cv_ld_reload_flag=-r
lt_cv_nm_interface='BSD nm'
lt_cv_objdir=.libs
lt_cv_path_LD=/usr/bin/ld
lt_cv_path_NM='/usr/bin/nm -B'
lt_cv_prog_compiler_c_o=yes
lt_cv_prog_compiler_pic_works=yes
lt_cv_prog_compiler_rtti_exceptions=no
lt_cv_prog_compiler_static_works=yes
lt_cv_prog_gnu_ld=yes
lt_cv_sys_global_symbol_pipe='sed -n -e '\''s/^.*[	 ]\([ABCDGIRSTW][ABCDGIRSTW]*\)[	 ][	 ]*\([_A-Za-z][_A-Za-z0-9]*\)$/\1 \2 \2/p'\'''
lt_cv_sys_global_symbol_to_c_name_address='sed -n -e '\''s/^: \([^ ]*\) $/  {\"\1\", (void *) 0},/p'\'' -e '\''s/^[ABCDGIRSTW]* \([^ ]*\) \([^ ]*\)$/  {"\2", (void *) \&\2},/p'\'''
lt_cv_sys_global_symbol_to_c_name_address_lib_prefix='sed -n -e '\''s/^: \([^ ]*\) $/  {\"\1\", (void *) 0},/p'\'' -e '\''s/^[ABCDGIRSTW]* \([^ ]*\) \(lib[^ ]*\)$/  {"\2", (void *) \&\2},/p'\'' -e '\''s/^[ABCDGIRSTW]* \([^ ]*\) \([^ ]*\)$/  {"lib\2", (void *) \&\2},/p'\'''
lt_cv_sys_global_symbol_to_cdecl='sed -n -e '\''s/^T .* \(.*\)$/extern int \1();/p'\'' -e '\''s/^[ABCDGIRSTW]* .* \(.*\)$/extern char \1;/p'\'''
lt_cv_sys_max_cmd_len=1572864

## ----------------- ##
## Output variables. ##
## ----------------- ##

ACLOCAL='${SHELL} /home/sumantakollya/Projects/netpgp/buildaux/missing --run aclocal-1.10'
AMDEPBACKSLASH='\'
AMDEP_FALSE='#'
AMDEP_TRUE=''
AMTAR='${SHELL} /home/sumantakollya/Projects/netpgp/buildaux/missing --run tar'
AR='ar'
AUTOCONF='${SHELL} /home/sumantakollya/Projects/netpgp/buildaux/missing --run autoconf'
AUTOHEADER='${SHELL} /home/sumantakollya/Projects/netpgp/buildaux/missing --run autoheader'
AUTOM4TE='${SHELL} /home/sumantakollya/Projects/netpgp/buildaux/missing --run autom4te'
AUTOMAKE='${SHELL} /home/sumantakollya/Projects/netpgp/buildaux/missing --run automake-1.10'
AWK='mawk'
CANONICAL_HOST='x86_64-unknown-linux-gnu'
CC='gcc'
CCDEPMODE='depmode=gcc3'
CFLAGS='-g -O2'
CPP='gcc -E'
CPPFLAGS=''
CYGPATH_W='echo'
DEFS='-DHAVE_CONFIG_H'
DEPDIR='.deps'
DSYMUTIL=''
DUMPBIN=''
ECHO_C=''
ECHO_N='-n'
ECHO_T=''
EGREP='/usr/bin/grep -E'
EXEEXT=''
FGREP='/usr/bin/grep -F'
GREP='/usr/bin/grep'
INSTALL_DATA='${INSTALL} -m 644'
INSTALL_PROGRAM='${INSTALL}'
INSTALL_SCRIPT='${INSTALL}'
INSTALL_STRIP_PROGRAM='$(install_sh) -c -s'
LD='/usr/bin/ld -m elf_x86_64'
LDFLAGS=''
LIBOBJS=''
LIBS='-lcrypto -lbz2 -lz '
LIBTOOL='$(SHELL) $(top_builddir)/libtool'
LIPO=''
LN_S='ln -s'
LTLIBOBJS=''
MAINT='#'
MAINTAINER_MODE_FALSE=''
MAINTAINER_MODE_TRUE='#'
MAKEINFO='${SHELL} /home/sumantakollya/Projects/netpgp/buildaux/missing --run makeinfo'
MKDIR_P='/usr/bin/mkdir -p'
NM='/usr/bin/nm -B'
NMEDIT=''
OBJDUMP='objdump'
OBJEXT='o'
OPENSSL_INCLUDES=''
OPENSSL_LDFLAGS=''
OPENSSL_LIBS='-lssl -lcrypto'
OTOOL64=''
OTOOL=''
PACKAGE='netpgp'
PACKAGE_BUGREPORT='Alistair Crooks <agc@netbsd.org> c0596823'
PACKAGE_NAME='netpgp'
PACKAGE_STRING='netpgp 20140220'
PACKAGE_TARNAME='netpgp'
PACKAGE_URL=''
PACKAGE_VERSION='20140220'
PATH_SEPARATOR=':'
PKG_CONFIG='/usr/bin/pkg-config'
RANLIB='ranlib'
SED='/usr/bin/sed'
SET_MAKE=''
SHELL='/bin/bash'
STRIP='strip'
VERSION='20140220'
WARNCFLAGS='-Werror -Wall -Wpointer-arith'
ac_ct_CC='gcc'
ac_ct_DUMPBIN=''
am__fastdepCC_FALSE='#'
am__fastdepCC_TRUE=''
am__include='include'
am__isrc=''
am__leading_dot='.'
am__quote=''
am__tar='${AMTAR} chof - "$$tardir"'
am__untar='${AMTAR} xf -'
bindir='${exec_prefix}/bin'
build='x86_64-unknown-linux-gnu'
build_alias=''
build_cpu='x86_64'
build_os='linux-gnu'
build_vendor='unknown'
datadir='${datarootdir}'
datarootdir='${prefix}/share'
docdir='${datarootdir}/doc/${PACKAGE_TARNAME}'
dvidir='${docdir}'
exec_prefix='${prefix}'
host='x86_64-unknown-linux-gnu'
host_alias=''
host_cpu='x86_64'
host_os='linux-gnu'
host_vendor='unknown'
htmldir='${docdir}'
includedir='${prefix}/include'
infodir='${datarootdir}/info'
install_sh='$(SHELL) /home/sumantakollya/Projects/netpgp/buildaux/install-sh'
libdir='${exec_prefix}/lib'
libexecdir='${exec_prefix}/libexec'
localedir='${datarootdir}/locale'
localstatedir='${prefix}/var'
lt_ECHO='echo'
mandir='${datarootdir}/man'
mkdir_p='/usr/bin/mkdir -p'
oldincludedir='/usr/include'
pdfdir='${docdir}'
prefix='/usr/local'
program_transform_name='s,x,x,'
psdir='${docdir}'
sbindir='${exec_prefix}/sbin'
sharedstatedir='${prefix}/com'
sysconfdir='${prefix}/etc'
target_alias=''

## ----------- ##
## confdefs.h. ##
## ----------- ##

/* confdefs.h */
#define PACKAGE_NAME "netpgp"
#define PACKAGE_TARNAME "netpgp"
#define PACKAGE_VERSION "20140220"
#define PACKAGE_STRING "netpgp 20140220"
#define PACKAGE_BUGREPORT "Alistair Crooks <agc@netbsd.org> c0596823"
#define PACKAGE_URL ""
#define PACKAGE "netpgp"
#define VERSION "20140220"
#define STDC_HEADERS 1
#define HAVE_SYS_TYPES_H 1
#define HAVE_SYS_STAT_H 1
#define HAVE_STDLIB_H 1
#define HAVE_STRING_H 1
#define HAVE_MEMORY_H 1
#define HAVE_STRINGS_H 1
#define HAVE_INTTYPES_H 1
#define HAVE_STDINT_H 1
#define HAVE_UNISTD_H 1
#define HAVE_DLFCN_H 1
#define LT_OBJDIR ".libs/"
#define STDC_HEADERS 1
#define HAVE_ERRNO_H 1
#define HAVE_FCNTL_H 1
#define HAVE_INTTYPES_H 1
#define HAVE_LIMITS_H 1
#define HAVE_MALLOC_H 1
#define HAVE_ZLIB_H 1
#define HAVE_OPENSSL_AES_H 1
#define HAVE_OPENSSL_BN_H 1
#define HAVE_OPENSSL_CAMELLIA_H 1
#define HAVE_OPENSSL_CAST_H 1
#define HAVE_OPENSSL_DES_H 1
#define HAVE_OPENSSL_DSA_H 1
#define HAVE_OPENSSL_ERR_H 1
#define HAVE_OPENSSL_IDEA_H 1
#define HAVE_OPENSSL_MD5_H 1
#define HAVE_OPENSSL_RAND_H 1
#define HAVE_OPENSSL_RSA_H 1
#define HAVE_OPENSSL_SHA_H 1
#define HAVE_OPENSSL_ERR_H 1
#define HAVE_OPENSSL_SHA_H 1
#define HAVE_SYS_CDEFS_H 1
#define HAVE_SYS_FILE_H 1
#define HAVE_SYS_MMAN_H 1
#define HAVE_SYS_PARAM_H 1
#define HAVE_SYS_RESOURCE_H 1
#define HAVE_SYS_UIO_H 1
#define HAVE_BZLIB_H 1
#define HAVE_UNSIGNED_LONG_LONG_INT 1
#define HAVE_LONG_LONG_INT 1
#define HAVE_SHA256_CTX 1

configure: exit 0
